4,0,þmainþ,0,þ2009/mars/02 09:08:22þ,þTranscoder.javaþ,771,þshowInfoþ,þþ,þ0001[Info] %%- Starting NacaTransþ,þ0001[Info] %%- Starting NacaTransþ
 4,0,þmainþ,0,þ2009/mars/02 09:08:22þ,þTranscoder.javaþ,771,þshowInfoþ,þþ,þ0002[Info] %%- Init rules...þ,þ0002[Info] %%- Init rules...þ
 4,0,þmainþ,46,þ2009/mars/02 09:08:22þ,þTranscoder.javaþ,771,þshowInfoþ,þþ,þ0003[Info] %%- Init Engines...þ,þ0003[Info] %%- Init Engines...þ
 4,0,þmainþ,62,þ2009/mars/02 09:08:22þ,þTranscoder.javaþ,771,þshowInfoþ,þþ,þ0004[Info] %%- Do CSD Registering...þ,þ0004[Info] %%- Do CSD Registering...þ
 4,0,þmainþ,78,þ2009/mars/02 09:08:22þ,þTranscoder.javaþ,771,þshowInfoþ,þþ,þ0005[Info] %%- Init Global Entities...þ,þ0005[Info] %%- Init Global Entities...þ
 4,0,þmainþ,420,þ2009/mars/02 09:08:22þ,þTranscoder.javaþ,771,þshowInfoþ,þþ,þ0006[Info] %%- Loading paths...þ,þ0006[Info] %%- Loading paths...þ
 4,0,þmainþ,420,þ2009/mars/02 09:08:22þ,þTranscoder.javaþ,771,þshowInfoþ,þþ,þ0007[Info] %%- Init global objects...þ,þ0007[Info] %%- Init global objects...þ
 4,0,þmainþ,436,þ2009/mars/02 09:08:22þ,þTranscoder.javaþ,771,þshowInfoþ,þþ,þ0008[Info] %%- Do Applications...þ,þ0008[Info] %%- Do Applications...þ
 4,0,þmainþ,436,þ2009/mars/02 09:08:22þ,þTranscoder.javaþ,771,þshowInfoþ,þþ,þ0009[Info] %d:\dev\naca\NacaSamples\cobol\ONLINE1%- Start transcoding file to d:\dev\naca\NacaSamples\src\online/ONLINE1.javaþ,þ0009[Info] %d:\dev\naca\NacaSamples\cobol\ONLINE1%- Start transcoding file to d:\dev\naca\NacaSamples\src\online/ONLINE1.javaþ
 4,0,þmainþ,545,þ2009/mars/02 09:08:23þ,þTranscoder.javaþ,771,þshowInfoþ,þþ,þ0010[Info] %d:\dev\naca\NacaSamples\cobol\ONLINE1%- Transcoding ONLINE1þ,þ0010[Info] %d:\dev\naca\NacaSamples\cobol\ONLINE1%- Transcoding ONLINE1þ
 4,0,þmainþ,1152,þ2009/mars/02 09:08:23þ,þTranscoder.javaþ,771,þshowInfoþ,þþ,þ0011[Info] %d:\dev\naca\NacaSamples\cobol\ONLINE1%- Transcoding ONLINM1þ,þ0011[Info] %d:\dev\naca\NacaSamples\cobol\ONLINE1%- Transcoding ONLINM1þ
 4,0,þmainþ,1214,þ2009/mars/02 09:08:23þ,þTranscoder.javaþ,771,þshowInfoþ,þþ,þ0012[Info] %d:\dev\naca\NacaSamples\cobol\include\MSGZONE%- Transcoding MSGZONEþ,þ0012[Info] %d:\dev\naca\NacaSamples\cobol\include\MSGZONE%- Transcoding MSGZONEþ
 4,0,þmainþ,1245,þ2009/mars/02 09:08:23þ,þTranscoder.javaþ,771,þshowInfoþ,þþ,þ0013[Info] %d:\dev\naca\NacaSamples\cobol\include\VTBMSGA%- Transcoding VTBMSGAþ,þ0013[Info] %d:\dev\naca\NacaSamples\cobol\include\VTBMSGA%- Transcoding VTBMSGAþ
 4,0,þmainþ,1276,þ2009/mars/02 09:08:23þ,þTranscoder.javaþ,771,þshowInfoþ,þþ,þ0014[Info] %d:\dev\naca\NacaSamples\cobol\include\TUAZONE%- Transcoding TUAZONEþ,þ0014[Info] %d:\dev\naca\NacaSamples\cobol\include\TUAZONE%- Transcoding TUAZONEþ
 4,0,þmainþ,1463,þ2009/mars/02 09:08:23þ,þTranscoder.javaþ,771,þshowInfoþ,þþ,þ0015[Info] %d:\dev\naca\NacaSamples\cobol\BATCH1%- Start transcoding file to d:\dev\naca\NacaSamples\src\batch/BATCH1.javaþ,þ0015[Info] %d:\dev\naca\NacaSamples\cobol\BATCH1%- Start transcoding file to d:\dev\naca\NacaSamples\src\batch/BATCH1.javaþ
 4,0,þmainþ,1494,þ2009/mars/02 09:08:23þ,þTranscoder.javaþ,771,þshowInfoþ,þþ,þ0016[Info] %d:\dev\naca\NacaSamples\cobol\BATCH1%- Transcoding BATCH1þ,þ0016[Info] %d:\dev\naca\NacaSamples\cobol\BATCH1%- Transcoding BATCH1þ
 4,0,þmainþ,1557,þ2009/mars/02 09:08:24þ,þTranscoder.javaþ,771,þshowInfoþ,þþ,þ0017[Info] %d:\dev\naca\NacaSamples\cobol\include\MSGZONE%- Transcoding MSGZONEþ,þ0017[Info] %d:\dev\naca\NacaSamples\cobol\include\MSGZONE%- Transcoding MSGZONEþ
 4,0,þmainþ,1603,þ2009/mars/02 09:08:24þ,þTranscoder.javaþ,771,þshowInfoþ,þþ,þ0018[Info] %d:\dev\naca\NacaSamples\cobol\CALLMSG%- Start transcoding file to d:\dev\naca\NacaSamples\src\commons/CALLMSG.javaþ,þ0018[Info] %d:\dev\naca\NacaSamples\cobol\CALLMSG%- Start transcoding file to d:\dev\naca\NacaSamples\src\commons/CALLMSG.javaþ
 4,0,þmainþ,1619,þ2009/mars/02 09:08:24þ,þTranscoder.javaþ,771,þshowInfoþ,þþ,þ0019[Info] %d:\dev\naca\NacaSamples\cobol\CALLMSG%- Transcoding CALLMSGþ,þ0019[Info] %d:\dev\naca\NacaSamples\cobol\CALLMSG%- Transcoding CALLMSGþ
 4,0,þmainþ,1666,þ2009/mars/02 09:08:24þ,þTranscoder.javaþ,771,þshowInfoþ,þþ,þ0020[Info] %d:\dev\naca\NacaSamples\cobol\include\MSGZONE%- Transcoding MSGZONEþ,þ0020[Info] %d:\dev\naca\NacaSamples\cobol\include\MSGZONE%- Transcoding MSGZONEþ
 4,0,þmainþ,1681,þ2009/mars/02 09:08:24þ,þTranscoder.javaþ,771,þshowInfoþ,þþ,þ0021[Info] %%- Exporting Infos...þ,þ0021[Info] %%- Exporting Infos...þ
 4,0,þmainþ,1961,þ2009/mars/02 09:08:24þ,þTranscoder.javaþ,771,þshowInfoþ,þþ,þ0022[Info] %%- Done; Errors=0 Warnings=0þ,þ0022[Info] %%- Done; Errors=0 Warnings=0þ
 